
--------------------------------------------------
TXLib сообщает:

Программа: C:\Users\user\Documents\Данис Ибраев С++\Башни\bin\Debug\Башни.exe, файл: c:\codeblocks\codeblocks\mingw\include\txlib.h, строка: 13678, функция: bool {anonymous}::TX::txTransparentBlt(HDC, double, double, double, double, HDC, double, double, COLORREF),

Сообщение: Прямоугольник копируемой области {0, 0, 8.06075e+006, 4.42052e+006} не полностью лежит внутри изображения-источника {0, 0, 862, 360}, функция txTransparentBlt() работать не будет.

#1: TXLib [Ver: 00173a, Rev: 171, Date: 2022-07-23 02:08:28 +0400], Instance: 0x005042FC (32-bit), Flags: CMdRe0, Thread: 0xAE0 (Main), GetLastError(): 13 (Недопустимые данные). 
From: c:\codeblocks\codeblocks\mingw\include\txlib.h (13677) bool {anonymous}::TX::txTransparentBlt(HDC, double, double, double, double, HDC, double, double, COLORREF).

--------------------------------------------------
Стек вызовов:

# 0 0x004228EC in C:\Users\user\Documents\Данис Ибраев С++\Башни\bin\Debug\Башни.exe: txTransparentBlt() at c:/codeblocks/codeblocks/mingw/include/txlib.h (13678)

# 1 0x0044A639 in C:\Users\user\Documents\Данис Ибраев С++\Башни\bin\Debug\Башни.exe: Draw() at c:/codeblocks/codeblocks/mingw/include/c++/4.8.1/debug/functions.h (45):

     43:   // An arbitrary iterator pointer is not singular.
     44:   inline bool
=>   45:   __check_singular_aux(const void*) { return false; }
     46: 
     47:   // We may have an iterator that derives from _Safe_iterator_base but isn't

# 2 0x0042B9BA in C:\Users\user\Documents\Данис Ибраев С++\Башни\bin\Debug\Башни.exe: main() at C:/Users/user/Documents/Данис Ибраев С++/Башни/main.cpp (32):

     30: txCreateWindow(600, 800);
     31: Bashni Mag (100, 100);
=>   32: Mag.Draw ();
     33: 
     34: 

--------------------------------------------------
Стек вызовов TX:

# 0 in bool {anonymous}::TX::txTransparentBlt(HDC, double, double, double, double, HDC, double, double, COLORREF) at c:\codeblocks\codeblocks\mingw\include\txlib.h (13677):

  13675:         {
  13676: $       SetLastError (ERROR_INVALID_DATA);
=>13677: $       TX_ERROR ("Прямоугольник копируемой области {%g, %g, %g, %g} не полностью лежит внутри изображения-источника {%d, %d, %d, %d}, "
  13678:                   "функция txTransparentBlt() работать не будет.", xSource, ySource, xSource + width, ySource + height, 0, 0, (int) size.x, (int) size.y);
  13679:         }

# 1 in int Bashni::Draw() at C:\Users\user\Documents\Данис Ибраев С++\Башни\main.cpp (23):

     21:     int Draw ()
     22:     {
=>   23:     txTransparentBlt (txDC(),x,y,w,h, pic, 0,0, cvet);
     24: 
     25: };

--------------------------------------------------
Developed with:

The Dumb Artist Library (TX Library)
TXLib [Ver: 00173a, Rev: 171, Date: 2022-07-23 02:08:28 +0400]
Copyright (C) Ded (Ilya Dedinsky, http://txlib.ru) <mail@txlib.ru>
See license on: http://txlib.ru

TXLib file:	c:\codeblocks\codeblocks\mingw\include\txlib.h
Compiled:	Sep 29 2023 17:59:37, GNU g++ 4.8.1, std=201103L, MinGW Runtime 3.20, 32-bit, DEBUG
Started:	Sep 29 2023 17:59:43

Run file:	C:\Users\user\Documents\Данис Ибраев С++\Башни\bin\Debug\Башни.exe
Directory:	C:\Users\user\Documents\Данис Ибраев С++\Башни

--------------------------------------------------

--------------------------------------------------
TXLib сообщает:

Программа: C:\Users\user\Documents\Данис Ибраев С++\Башни\bin\Debug\Башни.exe, файл: c:\codeblocks\codeblocks\mingw\include\txlib.h, строка: 13678, функция: bool {anonymous}::TX::txTransparentBlt(HDC, double, double, double, double, HDC, double, double, COLORREF),

Сообщение: Прямоугольник копируемой области {0, 0, 862, 360} не полностью лежит внутри изображения-источника {0, 0, 157, 185}, функция txTransparentBlt() работать не будет.

#1: TXLib [Ver: 00173a, Rev: 171, Date: 2022-07-23 02:08:28 +0400], Instance: 0x005042FC (32-bit), Flags: CMdRe0, Thread: 0x25C4 (Main), GetLastError(): 13 (Недопустимые данные). 
From: c:\codeblocks\codeblocks\mingw\include\txlib.h (13677) bool {anonymous}::TX::txTransparentBlt(HDC, double, double, double, double, HDC, double, double, COLORREF).

--------------------------------------------------
Стек вызовов:

# 0 0x004228EC in C:\Users\user\Documents\Данис Ибраев С++\Башни\bin\Debug\Башни.exe: txTransparentBlt() at c:/codeblocks/codeblocks/mingw/include/txlib.h (13678)

# 1 0x0044A639 in C:\Users\user\Documents\Данис Ибраев С++\Башни\bin\Debug\Башни.exe: Draw() at c:/codeblocks/codeblocks/mingw/include/c++/4.8.1/debug/functions.h (45):

     43:   // An arbitrary iterator pointer is not singular.
     44:   inline bool
=>   45:   __check_singular_aux(const void*) { return false; }
     46: 
     47:   // We may have an iterator that derives from _Safe_iterator_base but isn't

# 2 0x0042B9BA in C:\Users\user\Documents\Данис Ибраев С++\Башни\bin\Debug\Башни.exe: main() at C:/Users/user/Documents/Данис Ибраев С++/Башни/main.cpp (32):

     30: txCreateWindow(600, 800);
     31: Bashni Mag (100, 100);
=>   32: Mag.Draw ();
     33: 
     34: 

--------------------------------------------------
Стек вызовов TX:

# 0 in bool {anonymous}::TX::txTransparentBlt(HDC, double, double, double, double, HDC, double, double, COLORREF) at c:\codeblocks\codeblocks\mingw\include\txlib.h (13677):

  13675:         {
  13676: $       SetLastError (ERROR_INVALID_DATA);
=>13677: $       TX_ERROR ("Прямоугольник копируемой области {%g, %g, %g, %g} не полностью лежит внутри изображения-источника {%d, %d, %d, %d}, "
  13678:                   "функция txTransparentBlt() работать не будет.", xSource, ySource, xSource + width, ySource + height, 0, 0, (int) size.x, (int) size.y);
  13679:         }

# 1 in int Bashni::Draw() at C:\Users\user\Documents\Данис Ибраев С++\Башни\main.cpp (23):

     21:     int Draw ()
     22:     {
=>   23:     txTransparentBlt (txDC(),x,y,w,h, pic, 0,0, cvet);
     24: 
     25: };

--------------------------------------------------
Developed with:

The Dumb Artist Library (TX Library)
TXLib [Ver: 00173a, Rev: 171, Date: 2022-07-23 02:08:28 +0400]
Copyright (C) Ded (Ilya Dedinsky, http://txlib.ru) <mail@txlib.ru>
See license on: http://txlib.ru

TXLib file:	c:\codeblocks\codeblocks\mingw\include\txlib.h
Compiled:	Oct  2 2023 16:42:55, GNU g++ 4.8.1, std=201103L, MinGW Runtime 3.20, 32-bit, DEBUG
Started:	Oct 02 2023 16:43:03

Run file:	C:\Users\user\Documents\Данис Ибраев С++\Башни\bin\Debug\Башни.exe
Directory:	C:\Users\user\Documents\Данис Ибраев С++\Башни

--------------------------------------------------

--------------------------------------------------
TXLib сообщает:

Программа: C:\Users\user\Documents\Данис Ибраев С++\Башни\bin\Debug\Башни.exe, файл: c:\codeblocks\codeblocks\mingw\include\txlib.h, строка: 13678, функция: bool {anonymous}::TX::txTransparentBlt(HDC, double, double, double, double, HDC, double, double, COLORREF),

Сообщение: Прямоугольник копируемой области {0, 0, 862, 360} не полностью лежит внутри изображения-источника {0, 0, 157, 185}, функция txTransparentBlt() работать не будет.

#1: TXLib [Ver: 00173a, Rev: 171, Date: 2022-07-23 02:08:28 +0400], Instance: 0x005042FC (32-bit), Flags: CMdRe0, Thread: 0x2F54 (Main), GetLastError(): 13 (Недопустимые данные). 
From: c:\codeblocks\codeblocks\mingw\include\txlib.h (13677) bool {anonymous}::TX::txTransparentBlt(HDC, double, double, double, double, HDC, double, double, COLORREF).

--------------------------------------------------
Стек вызовов:

# 0 0x004228EC in C:\Users\user\Documents\Данис Ибраев С++\Башни\bin\Debug\Башни.exe: txTransparentBlt() at c:/codeblocks/codeblocks/mingw/include/txlib.h (13678)

# 1 0x0044A639 in C:\Users\user\Documents\Данис Ибраев С++\Башни\bin\Debug\Башни.exe: Draw() at c:/codeblocks/codeblocks/mingw/include/c++/4.8.1/debug/functions.h (45):

     43:   // An arbitrary iterator pointer is not singular.
     44:   inline bool
=>   45:   __check_singular_aux(const void*) { return false; }
     46: 
     47:   // We may have an iterator that derives from _Safe_iterator_base but isn't

# 2 0x0042B9BA in C:\Users\user\Documents\Данис Ибраев С++\Башни\bin\Debug\Башни.exe: main() at C:/Users/user/Documents/Данис Ибраев С++/Башни/main.cpp (32):

     30: txCreateWindow(600, 800);
     31: Bashni Mag (100, 100);
=>   32: Mag.Draw ();
     33: 
     34: 

--------------------------------------------------
Стек вызовов TX:

# 0 in bool {anonymous}::TX::txTransparentBlt(HDC, double, double, double, double, HDC, double, double, COLORREF) at c:\codeblocks\codeblocks\mingw\include\txlib.h (13677):

  13675:         {
  13676: $       SetLastError (ERROR_INVALID_DATA);
=>13677: $       TX_ERROR ("Прямоугольник копируемой области {%g, %g, %g, %g} не полностью лежит внутри изображения-источника {%d, %d, %d, %d}, "
  13678:                   "функция txTransparentBlt() работать не будет.", xSource, ySource, xSource + width, ySource + height, 0, 0, (int) size.x, (int) size.y);
  13679:         }

# 1 in int Bashni::Draw() at C:\Users\user\Documents\Данис Ибраев С++\Башни\main.cpp (23):

     21:     int Draw ()
     22:     {
=>   23:     txTransparentBlt (txDC(),x,y,w,h, pic, 0,0, cvet);
     24: 
     25: };

--------------------------------------------------
Developed with:

The Dumb Artist Library (TX Library)
TXLib [Ver: 00173a, Rev: 171, Date: 2022-07-23 02:08:28 +0400]
Copyright (C) Ded (Ilya Dedinsky, http://txlib.ru) <mail@txlib.ru>
See license on: http://txlib.ru

TXLib file:	c:\codeblocks\codeblocks\mingw\include\txlib.h
Compiled:	Oct  2 2023 16:48:21, GNU g++ 4.8.1, std=201103L, MinGW Runtime 3.20, 32-bit, DEBUG
Started:	Oct 02 2023 16:48:27

Run file:	C:\Users\user\Documents\Данис Ибраев С++\Башни\bin\Debug\Башни.exe
Directory:	C:\Users\user\Documents\Данис Ибраев С++\Башни

--------------------------------------------------

--------------------------------------------------
TXLib сообщает:

Программа: C:\Users\user\Documents\Данис Ибраев С++\Башни\bin\Debug\Башни.exe, файл: c:\codeblocks\codeblocks\mingw\include\txlib.h, строка: 13678, функция: bool {anonymous}::TX::txTransparentBlt(HDC, double, double, double, double, HDC, double, double, COLORREF),

Сообщение: Прямоугольник копируемой области {0, 0, 862, 360} не полностью лежит внутри изображения-источника {0, 0, 157, 185}, функция txTransparentBlt() работать не будет.

#1: TXLib [Ver: 00173a, Rev: 171, Date: 2022-07-23 02:08:28 +0400], Instance: 0x005042FC (32-bit), Flags: CMdRe0, Thread: 0x608 (Main), GetLastError(): 13 (Недопустимые данные). 
From: c:\codeblocks\codeblocks\mingw\include\txlib.h (13677) bool {anonymous}::TX::txTransparentBlt(HDC, double, double, double, double, HDC, double, double, COLORREF).

--------------------------------------------------
Стек вызовов:

# 0 0x004228EC in C:\Users\user\Documents\Данис Ибраев С++\Башни\bin\Debug\Башни.exe: txTransparentBlt() at c:/codeblocks/codeblocks/mingw/include/txlib.h (13678)

# 1 0x0044A639 in C:\Users\user\Documents\Данис Ибраев С++\Башни\bin\Debug\Башни.exe: Draw() at c:/codeblocks/codeblocks/mingw/include/c++/4.8.1/debug/functions.h (45):

     43:   // An arbitrary iterator pointer is not singular.
     44:   inline bool
=>   45:   __check_singular_aux(const void*) { return false; }
     46: 
     47:   // We may have an iterator that derives from _Safe_iterator_base but isn't

# 2 0x0042B9BA in C:\Users\user\Documents\Данис Ибраев С++\Башни\bin\Debug\Башни.exe: main() at C:/Users/user/Documents/Данис Ибраев С++/Башни/main.cpp (32):

     30: txCreateWindow(600, 800);
     31: Bashni Mag (100, 100);
=>   32: Mag.Draw ();
     33: 
     34: 

--------------------------------------------------
Стек вызовов TX:

# 0 in bool {anonymous}::TX::txTransparentBlt(HDC, double, double, double, double, HDC, double, double, COLORREF) at c:\codeblocks\codeblocks\mingw\include\txlib.h (13677):

  13675:         {
  13676: $       SetLastError (ERROR_INVALID_DATA);
=>13677: $       TX_ERROR ("Прямоугольник копируемой области {%g, %g, %g, %g} не полностью лежит внутри изображения-источника {%d, %d, %d, %d}, "
  13678:                   "функция txTransparentBlt() работать не будет.", xSource, ySource, xSource + width, ySource + height, 0, 0, (int) size.x, (int) size.y);
  13679:         }

# 1 in int Bashni::Draw() at C:\Users\user\Documents\Данис Ибраев С++\Башни\main.cpp (23):

     21:     int Draw ()
     22:     {
=>   23:     txTransparentBlt (txDC(),x,y,w,h, pic, 0,0, cvet);
     24: 
     25: };

--------------------------------------------------
Developed with:

The Dumb Artist Library (TX Library)
TXLib [Ver: 00173a, Rev: 171, Date: 2022-07-23 02:08:28 +0400]
Copyright (C) Ded (Ilya Dedinsky, http://txlib.ru) <mail@txlib.ru>
See license on: http://txlib.ru

TXLib file:	c:\codeblocks\codeblocks\mingw\include\txlib.h
Compiled:	Oct  2 2023 16:50:04, GNU g++ 4.8.1, std=201103L, MinGW Runtime 3.20, 32-bit, DEBUG
Started:	Oct 02 2023 16:50:10

Run file:	C:\Users\user\Documents\Данис Ибраев С++\Башни\bin\Debug\Башни.exe
Directory:	C:\Users\user\Documents\Данис Ибраев С++\Башни

--------------------------------------------------

--------------------------------------------------
TXLib сообщает:

Программа: C:\Users\user\Documents\Данис Ибраев С++\Башни\bin\Debug\Башни.exe, файл: c:\codeblocks\codeblocks\mingw\include\txlib.h, строка: 13678, функция: bool {anonymous}::TX::txTransparentBlt(HDC, double, double, double, double, HDC, double, double, COLORREF),

Сообщение: Прямоугольник копируемой области {0, 0, 862, 360} не полностью лежит внутри изображения-источника {0, 0, 157, 185}, функция txTransparentBlt() работать не будет.

#1: TXLib [Ver: 00173a, Rev: 171, Date: 2022-07-23 02:08:28 +0400], Instance: 0x005042FC (32-bit), Flags: CMdRe0, Thread: 0x2DB0 (Main), GetLastError(): 13 (Недопустимые данные). 
From: c:\codeblocks\codeblocks\mingw\include\txlib.h (13677) bool {anonymous}::TX::txTransparentBlt(HDC, double, double, double, double, HDC, double, double, COLORREF).

--------------------------------------------------
Стек вызовов:

# 0 0x004228EC in C:\Users\user\Documents\Данис Ибраев С++\Башни\bin\Debug\Башни.exe: txTransparentBlt() at c:/codeblocks/codeblocks/mingw/include/txlib.h (13678)

# 1 0x0044A639 in C:\Users\user\Documents\Данис Ибраев С++\Башни\bin\Debug\Башни.exe: Draw() at c:/codeblocks/codeblocks/mingw/include/c++/4.8.1/debug/functions.h (45):

     43:   // An arbitrary iterator pointer is not singular.
     44:   inline bool
=>   45:   __check_singular_aux(const void*) { return false; }
     46: 
     47:   // We may have an iterator that derives from _Safe_iterator_base but isn't

# 2 0x0042B9BA in C:\Users\user\Documents\Данис Ибраев С++\Башни\bin\Debug\Башни.exe: main() at C:/Users/user/Documents/Данис Ибраев С++/Башни/main.cpp (33):

     31: txCreateWindow(600, 800);
     32: Bashni Mag (100, 100);
=>   33: Mag.Draw ();
     34: }
     35: 

--------------------------------------------------
Стек вызовов TX:

# 0 in bool {anonymous}::TX::txTransparentBlt(HDC, double, double, double, double, HDC, double, double, COLORREF) at c:\codeblocks\codeblocks\mingw\include\txlib.h (13677):

  13675:         {
  13676: $       SetLastError (ERROR_INVALID_DATA);
=>13677: $       TX_ERROR ("Прямоугольник копируемой области {%g, %g, %g, %g} не полностью лежит внутри изображения-источника {%d, %d, %d, %d}, "
  13678:                   "функция txTransparentBlt() работать не будет.", xSource, ySource, xSource + width, ySource + height, 0, 0, (int) size.x, (int) size.y);
  13679:         }

# 1 in int Bashni::Draw() at C:\Users\user\Documents\Данис Ибраев С++\Башни\main.cpp (23):

     21:     int Draw ()
     22:     {
=>   23:     txTransparentBlt (txDC(),x,y,w,h, pic, 0,0, cvet);
     24: 
     25: };

--------------------------------------------------
Developed with:

The Dumb Artist Library (TX Library)
TXLib [Ver: 00173a, Rev: 171, Date: 2022-07-23 02:08:28 +0400]
Copyright (C) Ded (Ilya Dedinsky, http://txlib.ru) <mail@txlib.ru>
See license on: http://txlib.ru

TXLib file:	c:\codeblocks\codeblocks\mingw\include\txlib.h
Compiled:	Oct  2 2023 17:04:41, GNU g++ 4.8.1, std=201103L, MinGW Runtime 3.20, 32-bit, DEBUG
Started:	Oct 02 2023 17:04:47

Run file:	C:\Users\user\Documents\Данис Ибраев С++\Башни\bin\Debug\Башни.exe
Directory:	C:\Users\user\Documents\Данис Ибраев С++\Башни

--------------------------------------------------

--------------------------------------------------
TXLib сообщает:

Программа: C:\Users\user\Documents\Данис Ибраев С++\Башни\bin\Debug\Башни.exe, файл: c:\codeblocks\codeblocks\mingw\include\txlib.h, строка: 13678, функция: bool {anonymous}::TX::txTransparentBlt(HDC, double, double, double, double, HDC, double, double, COLORREF),

Сообщение: Прямоугольник копируемой области {0, 0, 862, 360} не полностью лежит внутри изображения-источника {0, 0, 157, 185}, функция txTransparentBlt() работать не будет.

#1: TXLib [Ver: 00173a, Rev: 171, Date: 2022-07-23 02:08:28 +0400], Instance: 0x005042FC (32-bit), Flags: CMdRe0, Thread: 0x584 (Main), GetLastError(): 13 (Недопустимые данные). 
From: c:\codeblocks\codeblocks\mingw\include\txlib.h (13677) bool {anonymous}::TX::txTransparentBlt(HDC, double, double, double, double, HDC, double, double, COLORREF).

--------------------------------------------------
Стек вызовов:

# 0 0x004228EC in C:\Users\user\Documents\Данис Ибраев С++\Башни\bin\Debug\Башни.exe: txTransparentBlt() at c:/codeblocks/codeblocks/mingw/include/txlib.h (13678)

# 1 0x0044A639 in C:\Users\user\Documents\Данис Ибраев С++\Башни\bin\Debug\Башни.exe: Draw() at c:/codeblocks/codeblocks/mingw/include/c++/4.8.1/debug/functions.h (45):

     43:   // An arbitrary iterator pointer is not singular.
     44:   inline bool
=>   45:   __check_singular_aux(const void*) { return false; }
     46: 
     47:   // We may have an iterator that derives from _Safe_iterator_base but isn't

# 2 0x0042B9BA in C:\Users\user\Documents\Данис Ибраев С++\Башни\bin\Debug\Башни.exe: main() at C:/Users/user/Documents/Данис Ибраев С++/Башни/main.cpp (33):

     31: txCreateWindow(600, 800);
     32: Bashni Mag (100, 100);
=>   33: Mag.Draw ();
     34: }
     35: 

--------------------------------------------------
Стек вызовов TX:

# 0 in bool {anonymous}::TX::txTransparentBlt(HDC, double, double, double, double, HDC, double, double, COLORREF) at c:\codeblocks\codeblocks\mingw\include\txlib.h (13677):

  13675:         {
  13676: $       SetLastError (ERROR_INVALID_DATA);
=>13677: $       TX_ERROR ("Прямоугольник копируемой области {%g, %g, %g, %g} не полностью лежит внутри изображения-источника {%d, %d, %d, %d}, "
  13678:                   "функция txTransparentBlt() работать не будет.", xSource, ySource, xSource + width, ySource + height, 0, 0, (int) size.x, (int) size.y);
  13679:         }

# 1 in int Bashni::Draw() at C:\Users\user\Documents\Данис Ибраев С++\Башни\main.cpp (23):

     21:     int Draw ()
     22:     {
=>   23:     txTransparentBlt (txDC(),x,y,w,h, pic, 0,0, cvet);
     24: 
     25: };

--------------------------------------------------
Developed with:

The Dumb Artist Library (TX Library)
TXLib [Ver: 00173a, Rev: 171, Date: 2022-07-23 02:08:28 +0400]
Copyright (C) Ded (Ilya Dedinsky, http://txlib.ru) <mail@txlib.ru>
See license on: http://txlib.ru

TXLib file:	c:\codeblocks\codeblocks\mingw\include\txlib.h
Compiled:	Oct  2 2023 17:04:59, GNU g++ 4.8.1, std=201103L, MinGW Runtime 3.20, 32-bit, DEBUG
Started:	Oct 02 2023 17:05:05

Run file:	C:\Users\user\Documents\Данис Ибраев С++\Башни\bin\Debug\Башни.exe
Directory:	C:\Users\user\Documents\Данис Ибраев С++\Башни

--------------------------------------------------

--------------------------------------------------
TXLib сообщает:

Программа: C:\Users\user\Documents\Данис Ибраев С++\Башни\bin\Debug\Башни.exe, файл: c:\codeblocks\codeblocks\mingw\include\txlib.h, строка: 13678, функция: bool {anonymous}::TX::txTransparentBlt(HDC, double, double, double, double, HDC, double, double, COLORREF),

Сообщение: Прямоугольник копируемой области {0, 0, 862, 360} не полностью лежит внутри изображения-источника {0, 0, 157, 185}, функция txTransparentBlt() работать не будет.

#1: TXLib [Ver: 00173a, Rev: 171, Date: 2022-07-23 02:08:28 +0400], Instance: 0x005042FC (32-bit), Flags: CMdRe0, Thread: 0x15B0 (Main), GetLastError(): 13 (Недопустимые данные). 
From: c:\codeblocks\codeblocks\mingw\include\txlib.h (13677) bool {anonymous}::TX::txTransparentBlt(HDC, double, double, double, double, HDC, double, double, COLORREF).

--------------------------------------------------
Стек вызовов:

# 0 0x004228EC in C:\Users\user\Documents\Данис Ибраев С++\Башни\bin\Debug\Башни.exe: txTransparentBlt() at c:/codeblocks/codeblocks/mingw/include/txlib.h (13678)

# 1 0x0044A639 in C:\Users\user\Documents\Данис Ибраев С++\Башни\bin\Debug\Башни.exe: Draw() at c:/codeblocks/codeblocks/mingw/include/c++/4.8.1/debug/functions.h (45):

     43:   // An arbitrary iterator pointer is not singular.
     44:   inline bool
=>   45:   __check_singular_aux(const void*) { return false; }
     46: 
     47:   // We may have an iterator that derives from _Safe_iterator_base but isn't

# 2 0x0042B9BA in C:\Users\user\Documents\Данис Ибраев С++\Башни\bin\Debug\Башни.exe: main() at C:/Users/user/Documents/Данис Ибраев С++/Башни/main.cpp (33):

     31: txCreateWindow(1360, 760);
     32: Bashni Mag (100, 100);
=>   33: Mag.Draw ();
     34: }
     35: 

--------------------------------------------------
Стек вызовов TX:

# 0 in bool {anonymous}::TX::txTransparentBlt(HDC, double, double, double, double, HDC, double, double, COLORREF) at c:\codeblocks\codeblocks\mingw\include\txlib.h (13677):

  13675:         {
  13676: $       SetLastError (ERROR_INVALID_DATA);
=>13677: $       TX_ERROR ("Прямоугольник копируемой области {%g, %g, %g, %g} не полностью лежит внутри изображения-источника {%d, %d, %d, %d}, "
  13678:                   "функция txTransparentBlt() работать не будет.", xSource, ySource, xSource + width, ySource + height, 0, 0, (int) size.x, (int) size.y);
  13679:         }

# 1 in int Bashni::Draw() at C:\Users\user\Documents\Данис Ибраев С++\Башни\main.cpp (23):

     21:     int Draw ()
     22:     {
=>   23:     txTransparentBlt (txDC(),x,y,w,h, pic, 0,0, cvet);
     24: 
     25: };

--------------------------------------------------
Developed with:

The Dumb Artist Library (TX Library)
TXLib [Ver: 00173a, Rev: 171, Date: 2022-07-23 02:08:28 +0400]
Copyright (C) Ded (Ilya Dedinsky, http://txlib.ru) <mail@txlib.ru>
See license on: http://txlib.ru

TXLib file:	c:\codeblocks\codeblocks\mingw\include\txlib.h
Compiled:	Oct  2 2023 17:11:59, GNU g++ 4.8.1, std=201103L, MinGW Runtime 3.20, 32-bit, DEBUG
Started:	Oct 02 2023 17:12:04

Run file:	C:\Users\user\Documents\Данис Ибраев С++\Башни\bin\Debug\Башни.exe
Directory:	C:\Users\user\Documents\Данис Ибраев С++\Башни

--------------------------------------------------

--------------------------------------------------
TXLib сообщает:

Программа: C:\Users\user\Documents\Данис Ибраев С++\Башни\bin\Debug\Башни.exe, файл: c:\codeblocks\codeblocks\mingw\include\txlib.h, строка: 13678, функция: bool {anonymous}::TX::txTransparentBlt(HDC, double, double, double, double, HDC, double, double, COLORREF),

Сообщение: Прямоугольник копируемой области {0, 0, 862, 360} не полностью лежит внутри изображения-источника {0, 0, 157, 185}, функция txTransparentBlt() работать не будет.

#1: TXLib [Ver: 00173a, Rev: 171, Date: 2022-07-23 02:08:28 +0400], Instance: 0x005042FC (32-bit), Flags: CMdRe0, Thread: 0x1838 (Main), GetLastError(): 13 (Недопустимые данные). 
From: c:\codeblocks\codeblocks\mingw\include\txlib.h (13677) bool {anonymous}::TX::txTransparentBlt(HDC, double, double, double, double, HDC, double, double, COLORREF).

--------------------------------------------------
Стек вызовов:

# 0 0x004228EC in C:\Users\user\Documents\Данис Ибраев С++\Башни\bin\Debug\Башни.exe: txTransparentBlt() at c:/codeblocks/codeblocks/mingw/include/txlib.h (13678)

# 1 0x0044A639 in C:\Users\user\Documents\Данис Ибраев С++\Башни\bin\Debug\Башни.exe: Draw() at c:/codeblocks/codeblocks/mingw/include/c++/4.8.1/debug/functions.h (45):

     43:   // An arbitrary iterator pointer is not singular.
     44:   inline bool
=>   45:   __check_singular_aux(const void*) { return false; }
     46: 
     47:   // We may have an iterator that derives from _Safe_iterator_base but isn't

# 2 0x0042B9BA in C:\Users\user\Documents\Данис Ибраев С++\Башни\bin\Debug\Башни.exe: main() at C:/Users/user/Documents/Данис Ибраев С++/Башни/main.cpp (33):

     31: txCreateWindow(1360, 760);
     32: Bashni Mag (100, 100);
=>   33: Mag.Draw ();
     34: }
     35: 

--------------------------------------------------
Стек вызовов TX:

# 0 in bool {anonymous}::TX::txTransparentBlt(HDC, double, double, double, double, HDC, double, double, COLORREF) at c:\codeblocks\codeblocks\mingw\include\txlib.h (13677):

  13675:         {
  13676: $       SetLastError (ERROR_INVALID_DATA);
=>13677: $       TX_ERROR ("Прямоугольник копируемой области {%g, %g, %g, %g} не полностью лежит внутри изображения-источника {%d, %d, %d, %d}, "
  13678:                   "функция txTransparentBlt() работать не будет.", xSource, ySource, xSource + width, ySource + height, 0, 0, (int) size.x, (int) size.y);
  13679:         }

# 1 in int Bashni::Draw() at C:\Users\user\Documents\Данис Ибраев С++\Башни\main.cpp (23):

     21:     int Draw ()
     22:     {
=>   23:     txTransparentBlt (txDC(),x,y,w,h, pic, 0,0, cvet);
     24: 
     25: };

--------------------------------------------------
Developed with:

The Dumb Artist Library (TX Library)
TXLib [Ver: 00173a, Rev: 171, Date: 2022-07-23 02:08:28 +0400]
Copyright (C) Ded (Ilya Dedinsky, http://txlib.ru) <mail@txlib.ru>
See license on: http://txlib.ru

TXLib file:	c:\codeblocks\codeblocks\mingw\include\txlib.h
Compiled:	Oct  2 2023 17:17:18, GNU g++ 4.8.1, std=201103L, MinGW Runtime 3.20, 32-bit, DEBUG
Started:	Oct 02 2023 17:17:24

Run file:	C:\Users\user\Documents\Данис Ибраев С++\Башни\bin\Debug\Башни.exe
Directory:	C:\Users\user\Documents\Данис Ибраев С++\Башни

--------------------------------------------------

--------------------------------------------------
TXLib соболезнует...

Программа: C:\Users\user\Documents\Данис Ибраев С++\Башни\bin\Debug\Башни.exe, файл: c:\codeblocks\codeblocks\mingw\include\txlib.h, строка: 14245, функция: intptr_t {anonymous}::TX::txPlayVideo(int, int, int, int, const char*, double, double, HWND),

Сообщение: Возможно, окно рисования не создано или не в порядке.

#1: TXLib [Ver: 00173a, Rev: 171, Date: 2022-07-23 02:08:28 +0400], Instance: 0x005042FC (32-bit), Flags: CMdre0, Thread: 0x10C4 (Main), GetLastError(): 13 (Недопустимые данные). 

--------------------------------------------------
Стек вызовов:

# 0 0x004266A8 in C:\Users\user\Documents\Данис Ибраев С++\Башни\bin\Debug\Башни.exe: txPlayVideo() at c:/codeblocks/codeblocks/mingw/include/txlib.h (14245)
# 1 0x00427857 in C:\Users\user\Documents\Данис Ибраев С++\Башни\bin\Debug\Башни.exe: txPlayVideo() at c:/codeblocks/codeblocks/mingw/include/txlib.h (14397)
# 2 0x0040570B in C:\Users\user\Documents\Данис Ибраев С++\Башни\bin\Debug\Башни.exe: _txCleanup() at c:/codeblocks/codeblocks/mingw/include/txlib.h (9082)
# 3 0x00404996 in C:\Users\user\Documents\Данис Ибраев С++\Башни\bin\Debug\Башни.exe: _txOnCExit() at c:/codeblocks/codeblocks/mingw/include/txlib.h (8894)
# 4 0x00401284 in C:\Users\user\Documents\Данис Ибраев С++\Башни\bin\Debug\Башни.exe: __mingw_CRTStartup()
# 5 0x004012C5 in C:\Users\user\Documents\Данис Ибраев С++\Башни\bin\Debug\Башни.exe: WinMainCRTStartup()
# 6 0x77D47B1E in C:\Windows\SYSTEM32\ntdll.dll: RtlGetAppContainerNamedObjectPath()
# 7 0x77D47AEE in C:\Windows\SYSTEM32\ntdll.dll: RtlGetAppContainerNamedObjectPath()

--------------------------------------------------
Стек вызовов TX:

# 0 in intptr_t {anonymous}::TX::txPlayVideo(int, int, int, int, const char*, double, double, HWND) at c:\codeblocks\codeblocks\mingw\include\txlib.h (14245):

  14243:                       double zoom /*= 0*/, double gain /*= 1*/, HWND wnd /*= txWindow()*/)
  14244:     {
=>14245: $1  if (wnd && wnd == txWindow() && _TX_TXWINDOW_FAILED()) return -1;
  14246: 
  14247: $   int time = GetTickCount();  //-V2551

# 1 in intptr_t {anonymous}::TX::txPlayVideo(const char*, double, double, HWND) at c:\codeblocks\codeblocks\mingw\include\txlib.h (14397):

  14395: intptr_t txPlayVideo (const char fileName[], double zoom /*= 0*/, double gain /*= 0*/, HWND wnd /*= txWindow()*/)
  14396:     {
=>14397: $1  return txPlayVideo (0, 0, 0, 0, fileName, zoom, gain, wnd);
  14398:     }
  14399: 

# 2 in void {anonymous}::TX::_txCleanup() at c:\codeblocks\codeblocks\mingw\include\txlib.h (9082):

   9080: 
   9081: $   txSpeak     (NULL);
=> 9082: $   txPlayVideo (NULL);
   9083: 
   9084: $   delete _txCanvas_UserDCs;

# 3 in void {anonymous}::TX::_txOnCExit() at c:\codeblocks\codeblocks\mingw\include\txlib.h (8894):

   8892:     OutputDebugString ("\n");
   8893: 
=> 8894: $5  _txCleanup();
   8895: 
   8896:     _TX_CALLv (Win32::_cexit, ());

# 4 in int Bashni::Draw() at C:\Users\user\Documents\Данис Ибраев С++\Башни\main.cpp (23):

     21:     int Draw ()
     22:     {
=>   23:     txTransparentBlt (txDC(),x,y,w,h, pic, 0,0, cvet);
     24: 
     25: };

--------------------------------------------------
Developed with:

The Dumb Artist Library (TX Library)
TXLib [Ver: 00173a, Rev: 171, Date: 2022-07-23 02:08:28 +0400]
Copyright (C) Ded (Ilya Dedinsky, http://txlib.ru) <mail@txlib.ru>
See license on: http://txlib.ru

TXLib file:	c:\codeblocks\codeblocks\mingw\include\txlib.h
Compiled:	Oct  2 2023 17:22:09, GNU g++ 4.8.1, std=201103L, MinGW Runtime 3.20, 32-bit, DEBUG
Started:	Oct 02 2023 17:22:15

Run file:	C:\Users\user\Documents\Данис Ибраев С++\Башни\bin\Debug\Башни.exe
Directory:	C:\Users\user\Documents\Данис Ибраев С++\Башни

--------------------------------------------------
